<?xml version="1.0" encoding="UTF-8"?>
<!-- Generated by org.testng.reporters.JUnitReportReporter -->
<testsuite hostname="nb-hdu" failures="0" tests="1" name="hduappium.AccessibilityTest4_dummy6" time="538.786" errors="1" timestamp="2024-04-03T16:42:52 CEST" skipped="0">
  <testcase classname="hduappium.AccessibilityTest4_dummy6" name="accessibilityTest" time="538.786">
    <error message="(x + width) is outside of Raster" type="java.awt.image.RasterFormatException">
      <![CDATA[java.awt.image.RasterFormatException: (x + width) is outside of Raster
at java.desktop/sun.awt.image.ByteInterleavedRaster.createWritableChild(ByteInterleavedRaster.java:1241)
at java.desktop/java.awt.image.BufferedImage.getSubimage(BufferedImage.java:1203)
at hduappium.Baseclass11.getCroppedImage(Baseclass11.java:738)
at hduappium.Baseclass11.takeElementScreenshot(Baseclass11.java:674)
at hduappium.Baseclass11.checkContentDescription(Baseclass11.java:237)
at hduappium.AccessibilityTest4_dummy6.performAccessibilityChecks(AccessibilityTest4_dummy6.java:216)
at hduappium.AccessibilityTest4_dummy6.collectAllElements(AccessibilityTest4_dummy6.java:102)
at hduappium.AccessibilityTest4_dummy6.performChecksForScreen(AccessibilityTest4_dummy6.java:230)
at hduappium.AccessibilityTest4_dummy6.accessibilityTest(AccessibilityTest4_dummy6.java:376)
at java.base/jdk.internal.reflect.NativeMethodAccessorImpl.invoke0(Native Method)
at java.base/jdk.internal.reflect.NativeMethodAccessorImpl.invoke(NativeMethodAccessorImpl.java:77)
at java.base/jdk.internal.reflect.DelegatingMethodAccessorImpl.invoke(DelegatingMethodAccessorImpl.java:43)
at java.base/java.lang.reflect.Method.invoke(Method.java:568)
at org.testng.internal.invokers.MethodInvocationHelper.invokeMethod(MethodInvocationHelper.java:139)
at org.testng.internal.invokers.TestInvoker.invokeMethod(TestInvoker.java:664)
at org.testng.internal.invokers.TestInvoker.invokeTestMethod(TestInvoker.java:227)
at org.testng.internal.invokers.MethodRunner.runInSequence(MethodRunner.java:50)
at org.testng.internal.invokers.TestInvoker$MethodInvocationAgent.invoke(TestInvoker.java:957)
at org.testng.internal.invokers.TestInvoker.invokeTestMethods(TestInvoker.java:200)
at org.testng.internal.invokers.TestMethodWorker.invokeTestMethods(TestMethodWorker.java:148)
at org.testng.internal.invokers.TestMethodWorker.run(TestMethodWorker.java:128)
at java.base/java.util.ArrayList.forEach(ArrayList.java:1511)
at org.testng.TestRunner.privateRun(TestRunner.java:848)
at org.testng.TestRunner.run(TestRunner.java:621)
at org.testng.SuiteRunner.runTest(SuiteRunner.java:443)
at org.testng.SuiteRunner.runSequentially(SuiteRunner.java:437)
at org.testng.SuiteRunner.privateRun(SuiteRunner.java:397)
at org.testng.SuiteRunner.run(SuiteRunner.java:336)
at org.testng.SuiteRunnerWorker.runSuite(SuiteRunnerWorker.java:52)
at org.testng.SuiteRunnerWorker.run(SuiteRunnerWorker.java:95)
at org.testng.TestNG.runSuitesSequentially(TestNG.java:1280)
at org.testng.TestNG.runSuitesLocally(TestNG.java:1200)
at org.testng.TestNG.runSuites(TestNG.java:1114)
at org.testng.TestNG.run(TestNG.java:1082)
at org.testng.remote.AbstractRemoteTestNG.run(AbstractRemoteTestNG.java:115)
at org.testng.remote.RemoteTestNG.initAndRun(RemoteTestNG.java:251)
at org.testng.remote.RemoteTestNG.main(RemoteTestNG.java:77)
]]>
    </error>
  </testcase> <!-- accessibilityTest -->
</testsuite> <!-- hduappium.AccessibilityTest4_dummy6 -->
